[    0.000000] Initializing cgroup subsys cpuset
[    0.000000] Initializing cgroup subsys cpu
[    0.000000] Initializing cgroup subsys cpuacct
[    0.000000] Linux version 4.4.0-210-generic (buildd@lgw01-amd64-009) (gcc version 5.4.0 20160609 (Ubuntu 5.4.0-6ubuntu1~16.04.12) ) #242-Ubuntu SMP Fri Apr 16 09:57:56 UTC 2021 (Ubuntu 4.4.0-210.242-generic 4.4.262)
[    0.000000] Command line: BOOT_IMAGE=/boot/vmlinuz-4.4.0-210-generic root=LABEL=cloudimg-rootfs ro console=tty1 console=ttyS0
[    0.000000] KERNEL supported cpus:
[    0.000000]   Intel GenuineIntel
[    0.000000]   AMD AuthenticAMD
[    0.000000]   Centaur CentaurHauls
[    0.000000] x86/fpu: xstate_offset[2]:  576, xstate_sizes[2]:  256
[    0.000000] x86/fpu: Supporting XSAVE feature 0x01: 'x87 floating point registers'
[    0.000000] x86/fpu: Supporting XSAVE feature 0x02: 'SSE registers'
[    0.000000] x86/fpu: Supporting XSAVE feature 0x04: 'AVX registers'
[    0.000000] x86/fpu: Enabled xstate features 0x7, context size is 832 bytes, using 'standard' format.
[    0.000000] e820: BIOS-provided physical RAM map:
[    0.000000] BIOS-e820: [mem 0x0000000000000000-0x000000000009fbff] usable
[    0.000000] BIOS-e820: [mem 0x000000000009fc00-0x000000000009ffff] reserved
[    0.000000] BIOS-e820: [mem 0x00000000000f0000-0x00000000000fffff] reserved
[    0.000000] BIOS-e820: [mem 0x0000000000100000-0x000000003ffeffff] usable
[    0.000000] BIOS-e820: [mem 0x000000003fff0000-0x000000003fffffff] ACPI data
[    0.000000] BIOS-e820: [mem 0x00000000fec00000-0x00000000fec00fff] reserved
[    0.000000] BIOS-e820: [mem 0x00000000fee00000-0x00000000fee00fff] reserved
[    0.000000] BIOS-e820: [mem 0x00000000fffc0000-0x00000000ffffffff] reserved
[    0.000000] NX (Execute Disable) protection: active
[    0.000000] SMBIOS 2.5 present.
[    0.000000] Hypervisor detected: KVM
[    0.000000] e820: last_pfn = 0x3fff0 max_arch_pfn = 0x400000000
[    0.000000] MTRR: Disabled
[    0.000000] x86/PAT: MTRRs disabled, skipping PAT initialization too.
[    0.000000] CPU MTRRs all blank - virtualized system.
[    0.000000] x86/PAT: Configuration [0-7]: WB  WT  UC- UC  WB  WT  UC- UC  
[    0.000000] found SMP MP-table at [mem 0x0009fff0-0x0009ffff] mapped at [ffff88000009fff0]
[    0.000000] Scanning 1 areas for low memory corruption
[    0.000000] RAMDISK: [mem 0x362dc000-0x37165fff]
[    0.000000] ACPI: Early table checksum verification disabled
[    0.000000] ACPI: RSDP 0x00000000000E0000 000024 (v02 VBOX  )
[    0.000000] ACPI: XSDT 0x000000003FFF0030 00003C (v01 VBOX   VBOXXSDT 00000001 ASL  00000061)
[    0.000000] ACPI: FACP 0x000000003FFF00F0 0000F4 (v04 VBOX   VBOXFACP 00000001 ASL  00000061)
[    0.000000] ACPI: DSDT 0x000000003FFF0470 002325 (v02 VBOX   VBOXBIOS 00000002 INTL 20100528)
[    0.000000] ACPI: FACS 0x000000003FFF0200 000040
[    0.000000] ACPI: FACS 0x000000003FFF0200 000040
[    0.000000] ACPI: APIC 0x000000003FFF0240 00005C (v02 VBOX   VBOXAPIC 00000001 ASL  00000061)
[    0.000000] ACPI: SSDT 0x000000003FFF02A0 0001CC (v01 VBOX   VBOXCPUT 00000002 INTL 20100528)
[    0.000000] No NUMA configuration found
[    0.000000] Faking a node at [mem 0x0000000000000000-0x000000003ffeffff]
[    0.000000] NODE_DATA(0) allocated [mem 0x3ffeb000-0x3ffeffff]
[    0.000000] kvm-clock: Using msrs 4b564d01 and 4b564d00
[    0.000000] kvm-clock: cpu 0, msr 0:3ffe3001, primary cpu clock
[    0.000000] kvm-clock: using sched offset of 3510783557 cycles
[    0.000000] clocksource: kvm-clock: mask: 0xffffffffffffffff max_cycles: 0x1cd42e4dffb, max_idle_ns: 881590591483 ns
[    0.000000] Zone ranges:
[    0.000000]   DMA      [mem 0x0000000000001000-0x0000000000ffffff]
[    0.000000]   DMA32    [mem 0x0000000001000000-0x000000003ffeffff]
[    0.000000]   Normal   empty
[    0.000000]   Device   empty
[    0.000000] Movable zone start for each node
[    0.000000] Early memory node ranges
[    0.000000]   node   0: [mem 0x0000000000001000-0x000000000009efff]
[    0.000000]   node   0: [mem 0x0000000000100000-0x000000003ffeffff]
[    0.000000] Initmem setup node 0 [mem 0x0000000000001000-0x000000003ffeffff]
[    0.000000] ACPI: PM-Timer IO Port: 0x4008
[    0.000000] IOAPIC[0]: apic_id 2, version 32, address 0xfec00000, GSI 0-23
[    0.000000] ACPI: INT_SRC_OVR (bus 0 bus_irq 0 global_irq 2 dfl dfl)
[    0.000000] ACPI: INT_SRC_OVR (bus 0 bus_irq 9 global_irq 9 low level)
[    0.000000] Using ACPI (MADT) for SMP configuration information
[    0.000000] smpboot: Allowing 2 CPUs, 0 hotplug CPUs
[    0.000000] PM: Registered nosave memory: [mem 0x00000000-0x00000fff]
[    0.000000] PM: Registered nosave memory: [mem 0x0009f000-0x0009ffff]
[    0.000000] PM: Registered nosave memory: [mem 0x000a0000-0x000effff]
[    0.000000] PM: Registered nosave memory: [mem 0x000f0000-0x000fffff]
[    0.000000] e820: [mem 0x40000000-0xfebfffff] available for PCI devices
[    0.000000] Booting paravirtualized kernel on KVM
[    0.000000] clocksource: refined-jiffies: mask: 0xffffffff max_cycles: 0xffffffff, max_idle_ns: 7645519600211568 ns
[    0.000000] setup_percpu: NR_CPUS:512 nr_cpumask_bits:512 nr_cpu_ids:2 nr_node_ids:1
[    0.000000] PERCPU: Embedded 33 pages/cpu @ffff88003fc00000 s95192 r8192 d31784 u1048576
[    0.000000] Built 1 zonelists in Node order, mobility grouping on.  Total pages: 257912
[    0.000000] Policy zone: DMA32
[    0.000000] Kernel command line: BOOT_IMAGE=/boot/vmlinuz-4.4.0-210-generic root=LABEL=cloudimg-rootfs ro console=tty1 console=ttyS0
[    0.000000] PID hash table entries: 4096 (order: 3, 32768 bytes)
[    0.000000] Memory: 997792K/1048120K available (8644K kernel code, 1332K rwdata, 4044K rodata, 1492K init, 1164K bss, 50328K reserved, 0K cma-reserved)
[    0.000000] SLUB: HWalign=64, Order=0-3, MinObjects=0, CPUs=2, Nodes=1
[    0.000000] Kernel/User page tables isolation: enabled
[    0.000000] Hierarchical RCU implementation.
[    0.000000] 	Build-time adjustment of leaf fanout to 64.
[    0.000000] 	RCU restricting CPUs from NR_CPUS=512 to nr_cpu_ids=2.
[    0.000000] RCU: Adjusting geometry for rcu_fanout_leaf=64, nr_cpu_ids=2
[    0.000000] NR_IRQS:33024 nr_irqs:440 16
[    0.000000] Console: colour VGA+ 80x25
[    0.000000] console [tty1] enabled
[    0.000000] console [ttyS0] enabled
[    0.000000] tsc: Detected 2207.998 MHz processor
[    0.195884] Calibrating delay loop (skipped) preset value.. 4415.99 BogoMIPS (lpj=8831992)
[    0.197918] pid_max: default: 32768 minimum: 301
[    0.198952] ACPI: Core revision 20150930
[    0.201358] ACPI: 2 ACPI AML tables successfully acquired and loaded
[    0.202954] Security Framework initialized
[    0.204146] Yama: becoming mindful.
[    0.204995] AppArmor: AppArmor initialized
[    0.206123] Dentry cache hash table entries: 131072 (order: 8, 1048576 bytes)
[    0.210513] Inode-cache hash table entries: 65536 (order: 7, 524288 bytes)
[    0.212142] Mount-cache hash table entries: 2048 (order: 2, 16384 bytes)
[    0.213604] Mountpoint-cache hash table entries: 2048 (order: 2, 16384 bytes)
[    0.215252] Initializing cgroup subsys io
[    0.216359] Initializing cgroup subsys memory
[    0.217373] Initializing cgroup subsys devices
[    0.218439] Initializing cgroup subsys freezer
[    0.219432] Initializing cgroup subsys net_cls
[    0.220534] Initializing cgroup subsys perf_event
[    0.221580] Initializing cgroup subsys net_prio
[    0.222630] Initializing cgroup subsys hugetlb
[    0.223719] Initializing cgroup subsys pids
[    0.225872] mce: CPU supports 0 MCE banks
[    0.226924] Last level iTLB entries: 4KB 64, 2MB 8, 4MB 8
[    0.228353] Last level dTLB entries: 4KB 64, 2MB 0, 4MB 0, 1GB 4
[    0.229694] Spectre V1 : Mitigation: usercopy/swapgs barriers and __user pointer sanitization
[    0.231666] Spectre V2 : Mitigation: Full generic retpoline
[    0.232946] Spectre V2 : Spectre v2 / SpectreRSB mitigation: Filling RSB on context switch
[    0.235073] Speculative Store Bypass: Vulnerable
[    0.236175] SRBDS: Unknown: Dependent on hypervisor status
[    0.237479] MDS: Mitigation: Clear CPU buffers
[    0.241186] Freeing SMP alternatives memory: 36K
[    0.248166] ftrace: allocating 32380 entries in 127 pages
[    0.310863] smpboot: APIC(0) Converting physical 0 to logical package 0
[    0.312794] smpboot: Max logical packages: 1
[    0.314246] x2apic enabled
[    0.315520] Switched APIC routing to physical x2apic.
[    0.318550] ..TIMER: vector=0x30 apic1=0 pin1=2 apic2=-1 pin2=-1
[    0.428019] smpboot: CPU0: Intel(R) Core(TM) i7-8750H CPU @ 2.20GHz (family: 0x6, model: 0x9e, stepping: 0xa)
[    0.430759] Performance Events: unsupported p6 CPU model 158 no PMU driver, software events only.
[    0.443751] KVM setup paravirtual spinlock
[    0.445505] x86: Booting SMP configuration:
[    0.446466] .... node  #0, CPUs:      #1
[    0.447505] kvm-clock: cpu 1, msr 0:3ffe3041, secondary cpu clock
[    0.449322] mce: CPU supports 0 MCE banks
[    0.451884] x86: Booted up 1 node, 2 CPUs
[    0.453141] smpboot: Total of 2 processors activated (8831.99 BogoMIPS)
[    0.455065] devtmpfs: initialized
[    0.464052] evm: security.selinux
[    0.464946] evm: security.SMACK64
[    0.465759] evm: security.SMACK64EXEC
[    0.466619] evm: security.SMACK64TRANSMUTE
[    0.467634] evm: security.SMACK64MMAP
[    0.468544] evm: security.ima
[    0.469353] evm: security.capability
[    0.470382] clocksource: jiffies: mask: 0xffffffff max_cycles: 0xffffffff, max_idle_ns: 7645041785100000 ns
[    0.472916] futex hash table entries: 512 (order: 3, 32768 bytes)
[    0.474680] pinctrl core: initialized pinctrl subsystem
[    0.475910] RTC time: 12:03:46, date: 11/30/21
[    0.477754] NET: Registered protocol family 16
[    0.490217] cpuidle: using governor ladder
[    0.504859] cpuidle: using governor menu
[    0.509875] PCCT header not found.
[    0.512861] ACPI: bus type PCI registered
[    0.515914] acpiphp: ACPI Hot Plug PCI Controller Driver version: 0.5
[    0.519834] PCI: Using configuration type 1 for base access
[    0.534053] ACPI: Added _OSI(Module Device)
[    0.535518] ACPI: Added _OSI(Processor Device)
[    0.537159] ACPI: Added _OSI(3.0 _SCP Extensions)
[    0.538189] ACPI: Added _OSI(Processor Aggregator Device)
[    0.540170] ACPI: Executed 1 blocks of module-level executable AML code
[    0.544959] ACPI: Interpreter enabled
[    0.546095] ACPI: (supports S0 S5)
[    0.546986] ACPI: Using IOAPIC for interrupt routing
[    0.549978] PCI: Using host bridge windows from ACPI; if necessary, use "pci=nocrs" and report a bug
[    0.556734] ACPI: PCI Root Bridge [PCI0] (domain 0000 [bus 00-ff])
[    0.558175] acpi PNP0A03:00: _OSC: OS supports [ASPM ClockPM Segments MSI]
[    0.560137] acpi PNP0A03:00: _OSC: not requesting OS control; OS requires [ExtendedConfig ASPM ClockPM MSI]
[    0.562675] acpi PNP0A03:00: fail to add MMCONFIG information, can't access extended PCI configuration space under this bridge.
[    0.565712] PCI host bridge to bus 0000:00
[    0.566854] pci_bus 0000:00: root bus resource [io  0x0000-0x0cf7 window]
[    0.568531] pci_bus 0000:00: root bus resource [io  0x0d00-0xffff window]
[    0.570186] pci_bus 0000:00: root bus resource [mem 0x000a0000-0x000bffff window]
[    0.572045] pci_bus 0000:00: root bus resource [mem 0x40000000-0xfdffffff window]
[    0.573875] pci_bus 0000:00: root bus resource [bus 00-ff]
[    0.577092] pci 0000:00:01.1: legacy IDE quirk: reg 0x10: [io  0x01f0-0x01f7]
[    0.578549] pci 0000:00:01.1: legacy IDE quirk: reg 0x14: [io  0x03f6]
[    0.579893] pci 0000:00:01.1: legacy IDE quirk: reg 0x18: [io  0x0170-0x0177]
[    0.593090] pci 0000:00:01.1: legacy IDE quirk: reg 0x1c: [io  0x0376]
[    0.610945] pci 0000:00:07.0: quirk: [io  0x4000-0x403f] claimed by PIIX4 ACPI
[    0.619851] pci 0000:00:07.0: quirk: [io  0x4100-0x410f] claimed by PIIX4 SMB
[    0.633546] ACPI: PCI Interrupt Link [LNKA] (IRQs 5 9 10 *11)
[    0.636036] ACPI: PCI Interrupt Link [LNKB] (IRQs 5 9 *10 11)
[    0.637784] ACPI: PCI Interrupt Link [LNKC] (IRQs 5 *9 10 11)
[    0.639504] ACPI: PCI Interrupt Link [LNKD] (IRQs 5 9 10 *11)
[    0.641278] ACPI: Enabled 2 GPEs in block 00 to 07
[    0.642820] vgaarb: setting as boot device: PCI:0000:00:02.0
[    0.644230] vgaarb: device added: PCI:0000:00:02.0,decodes=io+mem,owns=io+mem,locks=none
[    0.646124] vgaarb: loaded
[    0.648939] vgaarb: bridge control possible 0000:00:02.0
[    0.651515] SCSI subsystem initialized
[    0.652784] ACPI: bus type USB registered
[    0.655323] usbcore: registered new interface driver usbfs
[    0.656612] usbcore: registered new interface driver hub
[    0.657990] usbcore: registered new device driver usb
[    0.662151] PCI: Using ACPI for IRQ routing
[    0.663410] NetLabel: Initializing
[    0.664406] NetLabel:  domain hash size = 128
[    0.665446] NetLabel:  protocols = UNLABELED CIPSOv4
[    0.666556] NetLabel:  unlabeled traffic allowed by default
[    0.667895] amd_nb: Cannot enumerate AMD northbridges
[    0.669090] clocksource: Switched to clocksource kvm-clock
[    0.689377] AppArmor: AppArmor Filesystem Enabled
[    0.690563] pnp: PnP ACPI init
[    0.692232] pnp: PnP ACPI: found 3 devices
[    0.702132] clocksource: acpi_pm: mask: 0xffffff max_cycles: 0xffffff, max_idle_ns: 2085701024 ns
[    0.704473] NET: Registered protocol family 2
[    0.705890] TCP established hash table entries: 8192 (order: 4, 65536 bytes)
[    0.707840] TCP bind hash table entries: 8192 (order: 5, 131072 bytes)
[    0.709395] TCP: Hash tables configured (established 8192 bind 8192)
[    0.710827] UDP hash table entries: 512 (order: 2, 16384 bytes)
[    0.716282] UDP-Lite hash table entries: 512 (order: 2, 16384 bytes)
[    0.719917] NET: Registered protocol family 1
[    0.721028] pci 0000:00:00.0: Limiting direct PCI/PCI transfers
[    0.722437] pci 0000:00:01.0: Activating ISA DMA hang workarounds
[    0.723991] Unpacking initramfs...
[    0.961698] Freeing initrd memory: 14888K
[    0.962846] clocksource: tsc: mask: 0xffffffffffffffff max_cycles: 0x1fd3b6211b4, max_idle_ns: 440795230313 ns
[    0.965402] platform rtc_cmos: registered platform RTC device (no PNP device found)
[    0.967343] Scanning for low memory corruption every 60 seconds
[    0.969494] audit: initializing netlink subsys (disabled)
[    0.970907] audit: type=2000 audit(1638273832.636:1): initialized
[    0.972768] Initialise system trusted keyring
[    0.974287] HugeTLB registered 2 MB page size, pre-allocated 0 pages
[    0.977556] zbud: loaded
[    0.978873] VFS: Disk quotas dquot_6.6.0
[    0.979896] VFS: Dquot-cache hash table entries: 512 (order 0, 4096 bytes)
[    0.983266] squashfs: version 4.0 (2009/01/31) Phillip Lougher
[    0.985189] fuse init (API version 7.23)
[    0.986502] Key type big_key registered
[    0.987659] Allocating IMA MOK and blacklist keyrings.
[    0.990183] Key type asymmetric registered
[    0.991293] Asymmetric key parser 'x509' registered
[    0.992646] Block layer SCSI generic (bsg) driver version 0.4 loaded (major 249)
[    0.999048] io scheduler noop registered
[    0.999982] io scheduler deadline registered (default)
[    1.001193] io scheduler cfq registered
[    1.002263] pci_hotplug: PCI Hot Plug PCI Core version: 0.5
[    1.003439] pciehp: PCI Express Hot Plug Controller Driver version: 0.4
[    1.005728] ACPI: AC Adapter [AC] (on-line)
[    1.007160] input: Power Button as /devices/LNXSYSTM:00/LNXPWRBN:00/input/input0
[    1.008907] ACPI: Power Button [PWRF]
[    1.009883] input: Sleep Button as /devices/LNXSYSTM:00/LNXSLPBN:00/input/input1
[    1.011957] ACPI: Sleep Button [SLPF]
[    1.013321] GHES: HEST is not enabled!
[    1.013991] ACPI: Battery Slot [BAT0] (battery present)
[    1.015755] Serial: 8250/16550 driver, 32 ports, IRQ sharing enabled
[    1.043940] 00:02: ttyS0 at I/O 0x3f8 (irq = 4, base_baud = 115200) is a 16550A
[    1.049951] Linux agpgart interface v0.103
[    1.052800] loop: module loaded
[    1.054501] scsi host0: ata_piix
[    1.055465] scsi host1: ata_piix
[    1.056290] ata1: PATA max UDMA/33 cmd 0x1f0 ctl 0x3f6 bmdma 0xd000 irq 14
[    1.057677] ata2: PATA max UDMA/33 cmd 0x170 ctl 0x376 bmdma 0xd008 irq 15
[    1.059185] libphy: Fixed MDIO Bus: probed
[    1.060297] tun: Universal TUN/TAP device driver, 1.6
[    1.061457] tun: (C) 1999-2004 Max Krasnyansky <maxk@qualcomm.com>
[    1.062936] PPP generic driver version 2.4.2
[    1.064073] ehci_hcd: USB 2.0 'Enhanced' Host Controller (EHCI) Driver
[    1.065491] ehci-pci: EHCI PCI platform driver
[    1.066702] ehci-platform: EHCI generic platform driver
[    1.067866] ohci_hcd: USB 1.1 'Open' Host Controller (OHCI) Driver
[    1.069842] ohci-pci: OHCI PCI platform driver
[    1.071069] ohci-platform: OHCI generic platform driver
[    1.072358] uhci_hcd: USB Universal Host Controller Interface driver
[    1.073956] i8042: PNP: PS/2 Controller [PNP0303:PS2K,PNP0f03:PS2M] at 0x60,0x64 irq 1,12
[    1.076833] serio: i8042 KBD port at 0x60,0x64 irq 1
[    1.077977] serio: i8042 AUX port at 0x60,0x64 irq 12
[    1.079409] mousedev: PS/2 mouse device common for all mice
[    1.081231] input: AT Translated Set 2 keyboard as /devices/platform/i8042/serio0/input/input2
[    1.084358] rtc_cmos rtc_cmos: rtc core: registered rtc_cmos as rtc0
[    1.086087] rtc_cmos rtc_cmos: alarms up to one day, 114 bytes nvram
[    1.088347] i2c /dev entries driver
[    1.089501] device-mapper: uevent: version 1.0.3
[    1.090818] device-mapper: ioctl: 4.34.0-ioctl (2015-10-28) initialised: dm-devel@redhat.com
[    1.092944] ledtrig-cpu: registered to indicate activity on CPUs
[    1.095411] NET: Registered protocol family 10
[    1.096854] NET: Registered protocol family 17
[    1.097998] Key type dns_resolver registered
[    1.099463] registered taskstats version 1
[    1.100411] Loading compiled-in X.509 certificates
[    1.106155] Loaded X.509 cert 'Build time autogenerated kernel key: cf00e047681d67edb2720680708b7d9498083038'
[    1.110051] zswap: loaded using pool lzo/zbud
[    1.113162] Key type trusted registered
[    1.117986] Key type encrypted registered
[    1.119010] AppArmor: AppArmor sha1 policy hashing enabled
[    1.120391] ima: No TPM chip found, activating TPM-bypass!
[    1.122150] ima: Allocated hash algorithm: sha1
[    1.123355] evm: HMAC attrs: 0x1
[    1.124809]   Magic number: 13:72:78
[    1.125920] rtc_cmos rtc_cmos: setting system clock to 2021-11-30 12:03:47 UTC (1638273827)
[    1.128168] BIOS EDD facility v0.16 2004-Jun-25, 0 devices found
[    1.129776] EDD information not available.
[    1.241368] Freeing unused kernel memory: 1492K
[    1.242691] Write protecting the kernel read-only data: 14336k
[    1.244846] Freeing unused kernel memory: 1584K
[    1.246285] Freeing unused kernel memory: 52K
Loading, please wait...
starting version 229
[    1.260805] random: systemd-udevd: uninitialized urandom read (16 bytes read, 3 bits of entropy available)
[    1.261667] random: udevadm: uninitialized urandom read (16 bytes read, 3 bits of entropy available)
[    1.261686] random: udevadm: uninitialized urandom read (16 bytes read, 3 bits of entropy available)
[    1.268225] random: systemd-udevd: uninitialized urandom read (16 bytes read, 3 bits of entropy available)
[    1.270715] random: systemd-udevd: uninitialized urandom read (16 bytes read, 3 bits of entropy available)
[    1.273240] random: systemd-udevd: uninitialized urandom read (16 bytes read, 3 bits of entropy available)
[    1.273909] random: udevadm: uninitialized urandom read (16 bytes read, 3 bits of entropy available)
[    1.273958] random: udevadm: uninitialized urandom read (16 bytes read, 3 bits of entropy available)
[    1.274136] random: udevadm: uninitialized urandom read (16 bytes read, 3 bits of entropy available)
[    1.274189] random: udevadm: uninitialized urandom read (16 bytes read, 3 bits of entropy available)
[    1.318862] e1000: Intel(R) PRO/1000 Network Driver - version 7.3.21-k8-NAPI
[    1.320678] e1000: Copyright (c) 1999-2006 Intel Corporation.
[    1.325398] Fusion MPT base driver 3.04.20
[    1.326598] Copyright (c) 1999-2008 LSI Corporation
[    1.336007] Fusion MPT SPI Host driver 3.04.20
[    1.341796] AVX2 version of gcm_enc/dec engaged.
[    1.342978] AES CTR mode by8 optimization enabled
[    1.549142] input: ImExPS/2 Generic Explorer Mouse as /devices/platform/i8042/serio1/input/input4
[    1.989982] e1000 0000:00:03.0 eth0: (PCI:33MHz:32-bit) 02:be:82:6b:cc:1d
[    1.991806] e1000 0000:00:03.0 eth0: Intel(R) PRO/1000 Network Connection
[    1.994301] mptbase: ioc0: Initiating bringup
[    2.977363] ioc0: LSI53C1030 A0: Capabilities={Initiator}
[    6.015815] scsi host2: ioc0: LSI53C1030 A0, FwRev=00000000h, Ports=1, MaxQ=256, IRQ=20
[    7.940566] scsi 2:0:0:0: Direct-Access     VBOX     HARDDISK         1.0  PQ: 0 ANSI: 5
[    7.943401] scsi target2:0:0: Beginning Domain Validation
[    7.946832] scsi target2:0:0: Domain Validation skipping write tests
[    7.948295] scsi target2:0:0: Ending Domain Validation
[    7.949991] scsi target2:0:0: asynchronous
[    7.951560] scsi 2:0:1:0: Direct-Access     VBOX     HARDDISK         1.0  PQ: 0 ANSI: 5
[    7.956624] scsi target2:0:1: Beginning Domain Validation
[    7.959706] scsi target2:0:1: Domain Validation skipping write tests
[    7.961107] scsi target2:0:1: Ending Domain Validation
[    7.962771] scsi target2:0:1: asynchronous
[    8.041825] sd 2:0:0:0: Attached scsi generic sg0 type 0
[    8.043810] sd 2:0:0:0: [sda] 83886080 512-byte logical blocks: (42.9 GB/40.0 GiB)
[    8.046171] sd 2:0:1:0: Attached scsi generic sg1 type 0
[    8.047991] sd 2:0:1:0: [sdb] 20480 512-byte logical blocks: (10.5 MB/10.0 MiB)
[    8.050275] sd 2:0:0:0: [sda] Write Protect is off
[    8.051554] sd 2:0:1:0: [sdb] Write Protect is off
[    8.052822] sd 2:0:0:0: [sda] Incomplete mode parameter data
[    8.054408] sd 2:0:0:0: [sda] Assuming drive cache: write through
[    8.055833] sd 2:0:1:0: [sdb] Incomplete mode parameter data
[    8.057192] sd 2:0:1:0: [sdb] Assuming drive cache: write through
[    8.069443]  sda: sda1
[    8.071739] sd 2:0:1:0: [sdb] Attached SCSI disk
[    8.073229] sd 2:0:0:0: [sda] Attached SCSI disk
[    8.496550] e1000 0000:00:08.0 eth1: (PCI:33MHz:32-bit) 08:00:27:4a:97:b2
[    8.498572] e1000 0000:00:08.0 eth1: Intel(R) PRO/1000 Network Connection
[    8.502140] e1000 0000:00:08.0 enp0s8: renamed from eth1
[    8.521727] e1000 0000:00:03.0 enp0s3: renamed from eth0
Begin: Loading essential drivers ... [    9.939302] md: linear personality registered for level -1
[    9.942861] md: multipath personality registered for level -4
[    9.946480] md: raid0 personality registered for level 0
[    9.950487] md: raid1 personality registered for level 1
[   10.021240] raid6: sse2x1   gen() 11190 MB/s
[   10.089227] raid6: sse2x1   xor()  9505 MB/s
[   10.157263] raid6: sse2x2   gen() 15931 MB/s
[   10.225431] raid6: sse2x2   xor()  7576 MB/s
[   10.293125] raid6: sse2x4   gen() 17596 MB/s
[   10.361231] raid6: sse2x4   xor() 11009 MB/s
[   10.429244] raid6: avx2x1   gen() 22252 MB/s
[   10.497191] raid6: avx2x2   gen() 27348 MB/s
[   10.565242] raid6: avx2x4   gen() 29041 MB/s
[   10.566374] raid6: using algorithm avx2x4 gen() 29041 MB/s
[   10.567754] raid6: using avx2x2 recovery algorithm
[   10.570243] xor: automatically using best checksumming function:
[   10.609168]    avx       : 27551.000 MB/sec
[   10.611516] async_tx: api initialized (async)
[   10.621419] md: raid6 personality registered for level 6
[   10.622706] md: raid5 personality registered for level 5
[   10.624242] md: raid4 personality registered for level 4
[   10.630945] md: raid10 personality registered for level 10
done.
Begin: Running /scripts/init-premount ... done.
Begin: Mounting root file system ... Begin: Running /scripts/local-top ... done.
Begin: Running /scripts/local-premount ... [   10.664751] Btrfs loaded
Scanning for Btrfs filesystems
done.
Warning: fsck not present, so skipping root file system
[   10.706400] EXT4-fs (sda1): mounted filesystem with ordered data mode. Opts: (null)
done.
Begin: Running /scripts/local-bottom ... done.
Begin: Running /scripts/init-bottom ... done.
[   10.794459] systemd[1]: systemd 229 running in system mode. (+PAM +AUDIT +SELINUX +IMA +APPARMOR +SMACK +SYSVINIT +UTMP +LIBCRYPTSETUP +GCRYPT +GNUTLS +ACL +XZ -LZ4 +SECCOMP +BLKID +ELFUTILS +KMOD -IDN)
[   10.799263] systemd[1]: Detected virtualization oracle.
[   10.800589] systemd[1]: Detected architecture x86-64.

Welcome to [1mUbuntu 16.04.7 LTS[0m!

[   10.805165] systemd[1]: Set hostname to <ubuntu>.
[   10.808239] systemd[1]: Initializing machine ID from random generator.
[   10.809809] systemd[1]: Installed transient /etc/machine-id file.
[   10.927999] systemd[1]: Started Forward Password Requests to Wall Directory Watch.
[[0;32m  OK  [0m] Started Forward Password Requests to Wall Directory Watch.
[   10.930726] systemd[1]: Listening on Journal Socket.
[[0;32m  OK  [0m] Listening on Journal Socket.
[   10.932548] systemd[1]: Started Trigger resolvconf update for networkd DNS.
[[0;32m  OK  [0m] Started Trigger resolvconf update for networkd DNS.
[   10.942925] systemd[1]: Created slice User and Session Slice.
[[0;32m  OK  [0m] Created slice User and Session Slice.
[   10.945806] systemd[1]: Listening on udev Kernel Socket.
[[0;32m  OK  [0m] Listening on udev Kernel Socket.
[   10.948266] systemd[1]: Set up automount Arbitrary Executable File Formats File System Automount Point.
[[0;32m  OK  [0m] Set up automount Arbitrary Executab...ats File System Automount Point.
[   10.965991] systemd[1]: Created slice System Slice.
[[0;32m  OK  [0m] Created slice System Slice.
[   11.494275] systemd[1]: Starting Set console keymap...
         Starting Set console keymap...
[   11.501917] systemd[1]: Starting Uncomplicated firewall...
         Starting Uncomplicated firewall...
[   11.509868] systemd[1]: Starting Nameserver information manager...
         Starting Nameserver information manager...
[   11.517900] systemd[1]: Mounting POSIX Message Queue File System...
         Mounting POSIX Message Queue File System...
[   11.521442] systemd[1]: Listening on Journal Audit Socket.
[[0;32m  OK  [0m] Listening on Journal Audit Socket.
[   11.523951] systemd[1]: Listening on Syslog Socket.
[[0;32m  OK  [0m] Listening on Syslog Socket.
[   11.526054] systemd[1]: Reached target Swap.
[[0;32m  OK  [0m] Reached target Swap.
[   11.528676] systemd[1]: Mounting Huge Pages File System...
         Mounting Huge Pages File System...
[   11.533220] systemd[1]: Created slice system-serial\x2dgetty.slice.
[[0;32m  OK  [0m] Created slice system-serial\x2dgetty.slice.
[   11.538703] systemd[1]: Starting Load Kernel Modules...
         Starting Load Kernel Modules...
[   11.540902] systemd[1]: Reached target Encrypted Volumes.
[[0;32m  OK  [0m] Reached target Encrypted Volumes.
[   11.543482] systemd[1]: Reached target User and Group Name Lookups.
[[0;32m  OK  [0m] Reached target User and Group Name Lookups.
[   11.547198] systemd[1]: Listening on /dev/initctl Compatibility Named Pipe.
[[0;32m  OK  [0m] Listening on /dev/initctl Compatibility Named Pipe.
[   11.554740] Loading iSCSI transport class v2.0-870.
[   11.559985] systemd[1]: Reached target System Time Synchronized.
[[0;32m  OK  [0m] Reached target System Time Synchronized.
[   11.563378] systemd[1]: Listening on fsck to fsckd communication Socket.
[[0;32m  OK  [0m] Listening on fsck to fsckd communication Socket.
[   11.567058] systemd[1]: Starting File System Check on Root Device...
         Starting File System Check on Root Device...
[   11.570078] systemd[1]: Listening on LVM2 metadata daemon socket.
[[0;32m  OK  [0m[   11.571959] iscsi: registered transport (tcp)
] Listening on LVM2 metadata daemon socket.
[   11.573412] systemd[1]: Listening on udev Control Socket.
[[0;32m  OK  [0m] Listening on udev Control Socket.
[   11.575928] systemd[1]: Listening on Device-mapper event daemon FIFOs.
[[0;32m  OK  [0m] Listening on Device-mapper event daemon FIFOs.
[   11.578742] systemd[1]: Starting Monitoring of LVM2 mirrors, snapshots etc. using dmeventd or progress polling...
         Starting Monitoring of LVM2 mirrors... dmeventd or progress polling...
[   11.582488] systemd[1]: Listening on LVM2 poll daemon socket.
[[0;32m  OK  [0m] Listening on LVM2 poll daemon socket.
[   11.585844] systemd[1]: Mounting Debug File System...
         Mounting Debug File System...
[   11.592849] systemd[1]: Starting Create list of required static device nodes for the current kernel...
         Starting Create list of required st... nodes for the current kernel...
[   11.601325] systemd[1]: Reached target Slices.
[[0;32m  OK  [0m] Reached target Slices.
[   11.609378] systemd[1]: Listening on Journal Socket (/dev/log).
[[0;32m  OK  [0m] Listening on Journal Socket (/dev/log).
[   11.615671] iscsi: registered transport (iser)
[   11.633868] systemd[1]: Starting Journal Service...
         Starting Journal Service...
[   11.637601] systemd[1]: Mounted Huge Pages File System.
[[0;32m  OK  [0m] Mounted Huge Pages File System.
[   11.640820] systemd[1]: Mounted POSIX Message Queue File System.
[[0;32m  OK  [0m] Mounted POSIX Message Queue File System.
[   11.644214] systemd[1]: Mounted Debug File System.
[[0;32m  OK  [0m] Mounted Debug File System.
[   11.650041] systemd[1]: Started Set console keymap.
[[0;32m  OK  [0m] Started Set console keymap.
[   11.657900] systemd[1]: Started Uncomplicated firewall.
[[0;32m  OK  [0m] Started Uncomplicated firewall.
[   11.678714] systemd[1]: Started Load Kernel Modules.
[[0;32m  OK  [0m] Started Load Kernel Modules.
[   11.682352] systemd[1]: Started File System Check on Root Device.
[[0;32m  OK  [0m] Started File System Check on Root Device.
[   11.689921] systemd[1]: Started Create list of required static device nodes for the current kernel.
[[0;32m  OK  [0m] Started Create list of required sta...ce nodes for the current kernel.
[   11.694757] systemd[1]: Started Nameserver information manager.
[[0;32m  OK  [0m] Started Nameserver information manager.
[   11.699197] systemd[1]: Started Journal Service.
[[0;32m  OK  [0m] Started Journal Service.
[[0;32m  OK  [0m] Started LVM2 metadata daemon.
[[0;32m  OK  [0m] Started File System Check Daemon to report status.
         Starting Create Static Device Nodes in /dev...
         Starting Remount Root and Kernel File Systems...
         Starting Apply Kernel Variables...
         Mounting FUSE Control File System...
[   11.728804] EXT4-fs (sda1): re-mounted. Opts: (null)
[[0;32m  OK  [0m] Mounted FUSE Control File System.
[[0;32m  OK  [0m] Started Remount Root and Kernel File Systems.[   11.733833] random: nonblocking pool is initialized

         Starting Flush Journal to Persistent Storage...
         Starting Load/Save Random Seed...
         Starting udev Coldplug all Devices...
[[0;32m  OK  [0m] Started Create Static Device Nodes in /dev.
[[0;32m  OK  [0m] Started Apply Kernel Variables.
[[0;32m  OK  [0m] Started Load/Save Random Seed.
         Starting udev Kernel Device Manager...
[[0;32m  OK  [0m] Started Flush Journal to Persistent Storage.
[[0;32m  OK  [0m] Started udev Coldplug all Devices.
[[0;32m  OK  [0m] Started udev Kernel Device Manager.
[[0;32m  OK  [0m] Started Dispatch Password Requests to Console Directory Watch.
[[0;32m  OK  [0m] Found device /dev/ttyS0.
[[0;32m  OK  [0m] Listening on Load/Save RF Kill Switch Status /dev/rfkill Watch.
[[0;32m  OK  [0m] Started Monitoring of LVM2 mirrors,...ng dmeventd or progress polling.
[[0;32m  OK  [0m] Reached target Local File Systems (Pre).
[[0;32m  OK  [0m] Reached target Local File Systems.
         Starting LSB: AppArmor initialization...
         Starting Create Volatile Files and Directories...
         Starting Commit a transient machine-id on disk...
         Starting Initial cloud-init job (pre-networking)...
         Starting Tell Plymouth To Write Out Runtime Data...
         Starting Set console font and keymap...
[[0;32m  OK  [0m] Started Create Volatile Files and Directories.
         Starting Update UTMP about System Boot/Shutdown...
[[0;32m  OK  [0m] Started Commit a transient machine-id on disk.
[[0;32m  OK  [0m] Started Tell Plymouth To Write Out Runtime Data.
[[0;32m  OK  [0m] Started Update UTMP about System Boot/Shutdown.
[[0;32m  OK  [0m] Started Set console font and keymap.
[[0;32m  OK  [0m] Created slice system-getty.slice.
[   13.639251] cloud-init[628]: Cloud-init v. 21.1-19-gbad84ad4-0ubuntu1~16.04.2 running 'init-local' at Tue, 30 Nov 2021 12:03:59 +0000. Up 13.24 seconds.
[[0;32m  OK  [0m] Started Initial cloud-init job (pre-networking).
[[0;32m  OK  [0m] Reached target Network (Pre).
[[0;32m  OK  [0m] Started LSB: AppArmor initialization.
         Starting Load AppArmor profiles managed internally by snapd...
         Starting Raise network interfaces...
[[0;32m  OK  [0m] Started Load AppArmor profiles managed internally by snapd.
[[0;32m  OK  [0m] Started Raise network interfaces.
[[0;32m  OK  [0m] Reached target Network.
         Starting Initial cloud-init job (metadata service crawler)...
[   15.338524] cloud-init[954]: Cloud-init v. 21.1-19-gbad84ad4-0ubuntu1~16.04.2 running 'init' at Tue, 30 Nov 2021 12:04:01 +0000. Up 14.65 seconds.
[   15.344407] cloud-init[954]: ci-info: ++++++++++++++++++++++++++++++++++++++Net device info+++++++++++++++++++++++++++++++++++++++
[   15.352432] cloud-init[954]: ci-info: +--------+-------+----------------------------+---------------+--------+-------------------+
[   15.360376] cloud-init[954]: ci-info: | Device |   Up  |          Address           |      Mask     | Scope  |     Hw-Address    |
[   15.361482] cloud-init[954]: ci-info: +--------+-------+----------------------------+---------------+--------+-------------------+
[   15.362758] cloud-init[954]: ci-info: | enp0s3 |  True |         10.0.2.15          | 255.255.255.0 | global | 02:be:82:6b:cc:1d |
[   15.372502] cloud-init[954]: ci-info: | enp0s3 |  True | fe80::be:82ff:fe6b:cc1d/64 |       .       |  link  | 02:be:82:6b:cc:1d |
[   15.374180] cloud-init[954]: ci-info: | enp0s8 | False |             .              |       .       |   .    | 08:00:27:4a:97:b2 |
[   15.380351] cloud-init[954]: ci-info: |   lo   |  True |         127.0.0.1          |   255.0.0.0   |  host  |         .         |
[   15.388456] cloud-init[954]: ci-info: |   lo   |  True |          ::1/128           |       .       |  host  |         .         |
[   15.396908] cloud-init[954]: ci-info: +--------+-------+----------------------------+---------------+--------+-------------------+
[   15.397891] cloud-init[954]: ci-info: +++++++++++++++++++++++++++Route IPv4 info++++++++++++++++++++++++++++
[[0;32m  OK  [0m] Started Initial cloud-init job (metadata service crawler).
[   15.400376] cloud-init[954]: ci-info: +-------+-------------+----------+---------------+-----------+-------+
[   15.401199] cloud-init[954]: ci-info: | Route | Destination | Gateway  |    Genmask    | Interface | Flags |
[   15.401429] cloud-init[954]: ci-info: +-------+-------------+----------+---------------+-----------+-------+
[   15.402000] cloud-init[954]: ci-info: |   0   |   0.0.0.0   | 10.0.2.2 |    0.0.0.0    |   enp0s3  |   UG  |
[   15.402632] cloud-init[954]: ci-info: |   1   |   10.0.2.0  | 0.0.0.0  | 255.255.255.0 |   enp0s3  |   U   |
[   15.403078] cloud-init[954]: ci-info: +-------+-------------+----------+---------------+-----------+-------+
[   15.403817] cloud-init[954]: ci-info: +++++++++++++++++++Route IPv6 info+++++++++++++++++++
[   15.404392] cloud-init[954]: ci-info: +-------+-------------+---------+-----------+-------+
[   15.404813] cloud-init[954]: ci-info: | Route | Destination | Gateway | Interface | Flags |
[   15.405357] cloud-init[954]: ci-info: +-------+-------------+---------+-----------+-------+
[   15.405767] cloud-init[954]: ci-info: |   0   |  fe80::/64  |    ::   |   enp0s3  |   U   |
[   15.406316] cloud-init[954]: ci-info: |   3   |   ff00::/8  |    ::   |   enp0s3  |   U   |
[   15.406507] cloud-init[954]: ci-info: +-------+-------------+---------+-----------+-------+
[   15.407085] cloud-init[954]: Generating public/private rsa key pair.
[   15.407417] cloud-init[954]: Your identification has been saved in /etc/ssh/ssh_host_rsa_key.
[   15.407800] cloud-init[954]: Your public key has been saved in /etc/ssh/ssh_host_rsa_key.pub.
[   15.420201] cloud-init[954]: The key fingerprint is:
[   15.420383] cloud-init[954]: SHA256:X7YNZnkivLDP6shtlxp/wlO9b9AWFGVzm1ZNgnG/OXg root@ubuntu-xenial
[   15.420853] cloud-init[954]: The key's randomart image is:
[   15.421134] cloud-init[954]: +---[RSA 2048]----+
[   15.421592] cloud-init[954]: |            .oo+X|
[   15.421875] cloud-init[954]: |            .. =B|
[   15.422165] cloud-init[954]: |              .+.|
[   15.422631] cloud-init[954]: |         .   .o.o|
[   15.422914] cloud-init[954]: |        S o Oo.E.|
[   15.423207] cloud-init[954]: |         + B.*+ +|
[   15.423519] cloud-init[954]: |        o.oo. .+ |
[   15.423804] cloud-init[954]: |     . o.=* . . .|
[   15.424262] cloud-init[954]: |      oo=+++   o.|
[   15.424713] cloud-init[954]: +----[SHA256]-----+
[   15.425118] cloud-init[954]: Generating public/private dsa key pair.
[   15.425567] cloud-init[954]: Your identification has been saved in /etc/ssh/ssh_host_dsa_key.
[   15.425850] cloud-init[954]: Your public key has been saved in /etc/ssh/ssh_host_dsa_key.pub.
[   15.426139] cloud-init[954]: The key fingerprint is:
[   15.426553] cloud-init[954]: SHA256:rt8Vz3kiVEDo2w2Lo3vy1TV24PmbAGcrkYu32rq0iUI root@ubuntu-xenial
[   15.426610] cloud-init[954]: The key's randomart image is:
[[0;32m  OK  [0m] [   15.426688] cloud-init[954]: +---[DSA 1024]----+
[   15.433245] cloud-init[954]: |           oo    |
[   15.433450] cloud-init[954]: |          .  .   |
[   15.433713] cloud-init[954]: |         .    o  |
[   15.434306] cloud-init[954]: |          . oo o |
[   15.434580] cloud-init[954]: |        S  Bo*ooo|
[   15.434869] cloud-init[954]: |     E .  =.O=++o|
[   15.435201] cloud-init[954]: |    .   .+ =+o* o|
[   15.435492] cloud-init[954]: |     . .=.*oo..oo|
[   15.435771] cloud-init[954]: |      ooo@*o   o |
[   15.436429] cloud-init[954]: +----[SHA256]-----+
[   15.436709] cloud-init[954]: Generating public/private ecdsa key pair.
[   15.437192] cloud-init[954]: Your identification has been saved in /etc/ssh/ssh_host_ecdsa_key.
[   15.437552] cloud-init[954]: Your public key has been saved in /etc/ssh/ssh_host_ecdsa_key.pub.
[   15.437710] cloud-init[954]: The key fingerprint is:
[   15.438038] cloud-init[954]: SHA256:zTN7bsiHTpg7VQifm7+fXBZMuijtVhNsea9zeGZAT1I root@ubuntu-xenial
[   15.438325] cloud-init[954]: The key's randomart image is:
[   15.438622] cloud-init[954]: +---[ECDSA 256]---+
[   15.439081] cloud-init[954]: |                 |
Reached target Network is Online.
[   15.439181] cloud-init[954]: |        .       E|
[   15.439269] cloud-init[954]: |         o o. .o |
[   15.439563] cloud-init[954]: |         o+ .=*..|
[   15.439676] cloud-init[954]: |        S =+.oo*.|
[   15.452887] cloud-init[954]: |         o=+.oo +|
[   15.464545] cloud-init[954]: |        o+o*o..+o|
[   15.465208] cloud-init[954]: |        .o*++.++=|
[   15.465857] cloud-init[954]: |        .oo+oo+* |
[   15.466484] cloud-init[954]: +----[SHA256]-----+
[   15.467334] cloud-init[954]: Generating public/private ed25519 key pair.
         Starting iSCSI initiator daemon (iscsid)...
[[0;32m  OK  [0m] Reached target System Initialization.
[[0;32m  OK  [0m] Listening on ACPID Listen Socket.
         Starting Socket activation for snappy daemon.
[[0;32m  OK  [0m[   15.471710] cloud-init[954]: Your identification has been saved in /etc/ssh/ssh_host_ed25519_key.
[   15.472225] cloud-init[954]: Your public key has been saved in /etc/ssh/ssh_host_ed25519_key.pub.
[   15.472559] cloud-init[954]: The key fingerprint is:
[   15.472846] cloud-init[954]: SHA256:gqVjIPYHT0YmrqqaEvX79U0+vl/DUrpPewWVhr/gsfE root@ubuntu-xenial
[   15.473155] cloud-init[954]: The key's randomart image is:
] Started Ubuntu Advantage update messaging.
[   15.473619] cloud-init[954]: +--[ED25519 256]--+
[   15.476339] cloud-init[954]: |   . o        . .|
[   15.476620] cloud-init[954]: |  . +        . o.|
[[0;32m  OK  [0m] Started Daily Cleanup of Temporary Directories.
[   15.477079] cloud-init[954]: |...o o.       o. |
[   15.479451] cloud-init[954]: |..+.=+       +.. |
[   15.480726] cloud-init[954]: | o o=o. S   . *o.|
[   15.480948] cloud-init[954]: |o  .o. .     o+E.|
[[0;32m  OK  [0m] Started ACPI Events Check.
[   15.481081] cloud-init[954]: |..   .  .   .o +o|
[   15.482557] cloud-init[954]: |o.  .  . . +. +.+|
[   15.482845] cloud-init[954]: |*    ..   ..==oo.|
[   15.483116] cloud-init[954]: +----[SHA256]-----+
[[0;32m  OK  [0m] Reached target Paths.
[[0;32m  OK  [0m] Started Daily apt download activities.
[[0;32m  OK  [0m] Started Daily apt upgrade and clean activities.
[[0;32m  OK  [0m] Listening on D-Bus System Message Bus Socket.
         Starting LXD - unix socket.
[[0;32m  OK  [0m] Started Message of the Day.
[[0;32m  OK  [0m] Reached target Timers.
[[0;32m  OK  [0m] Listening on UUID daemon activation socket.
[[0;32m  OK  [0m] Reached target Cloud-config availability.
[[0;32m  OK  [0m] Listening on Socket activation for snappy daemon.
[[0;32m  OK  [0m] Listening on LXD - unix socket.
[[0;32m  OK  [0m] Reached target Sockets.
[[0;32m  OK  [0m] Reached target Basic System.
         Starting System Logging Service...
         Starting Pollinate to seed the pseudo random number generator...
         Starting LXD - container startup/shutdown...
[[0;32m  OK  [0m] Started Deferred execution scheduler.
[[0;32m  OK  [0m] Started Regular background program processing daemon.
         Starting Virtualbox guest utils...
[[0;32m  OK  [0m] Started ACPI event daemon.
[[0;32m  OK  [0m] Started FUSE filesystem for LXC.
         Starting Accounts Service...
         Starting /etc/rc.local Compatibility...
         Starting Login Service...
         Starting LSB: Record successful boot for GRUB...
[[0;32m  OK  [0m] Started D-Bus System Message Bus.
         Starting LSB: MD monitoring daemon...
         Starting Snap Daemon...
[[0;32m  OK  [0m] Started System Logging Service.
[[0;32m  OK  [0m] Started iSCSI initiator daemon (iscsid).
[[0;32m  OK  [0m] Started /etc/rc.local Compatibility.
[[0;32m  OK  [0m] Started Login Service.
[[0;32m  OK  [0m] Started Unattended Upgrades Shutdown.
         Starting Authenticate and Authorize Users to Run Privileged Tasks...
         Starting Login to default iSCSI targets...
[[0;32m  OK  [0m] Started LSB: Record successful boot for GRUB.
[[0;32m  OK  [0m] Started LSB: MD monitoring daemon.
[[0;32m  OK  [0m] Started LXD - container startup/shutdown.
[[0;32m  OK  [0m] Started Login to default iSCSI targets.
[[0;32m  OK  [0m] Reached target Remote File Systems (Pre).
[[0;32m  OK  [0m] Reached target Remote File Systems.
         Starting LSB: automatic crash report generation...
         Starting LSB: Set the CPU Frequency Scaling governor to "ondemand"...
         Starting LSB: daemon to balance interrupts for SMP systems...
         Starting Permit User Sessions...
[[0;32m  OK  [0m] Started Permit User Sessions.
         Starting Hold until boot process finishes up...
         Starting Terminate Plymouth Boot Screen...
[[0;32m  OK  [0m] Started Hold until boot process finishes up.
         Starting Set console scheme...
[[0;32m  OK  [0m] Started Serial Getty on ttyS0.
[[0;32m  OK  [0m] Started Getty on tty1.
[[0;32m  OK  [0m] Reached target Login Prompts.
[[0;32m  OK  [0m] Started Terminate Plymouth Boot Screen.
[[0;32m  OK  [0m] Started Set console scheme.
[[0;32m  OK  [0m] Started Authenticate and Authorize Users to Run Privileged Tasks.
[[0;32m  OK  [0m] Started Virtualbox guest utils.
[[0;32m  OK  [0m] Started Accounts Service.
[[0;32m  OK  [0m] Started LSB: Set the CPU Frequency Scaling governor to "ondemand".
[[0;32m  OK  [0m] Started LSB: daemon to balance interrupts for SMP systems.
[[0;32m  OK  [0m] Started LSB: automatic crash report generation.
[[0;32m  OK  [0m] Started Snap Daemon.
         Starting Wait until snapd is fully seeded...
[[0;32m  OK  [0m] Started Pollinate to seed the pseudo random number generator.
         Starting OpenBSD Secure Shell server...
[[0;32m  OK  [0m] Started OpenBSD Secure Shell server.
[[0;32m  OK  [0m] Created slice User Slice of vagrant.
         Starting User Manager for UID 1000...
[[0;32m  OK  [0m] Started Session 1 of user vagrant.
[[0;32m  OK  [0m] Started User Manager for UID 1000.

Ubuntu 16.04.7 LTS ubuntu-xenial ttyS0

ubuntu-xenial login: [   30.189372] cloud-init[1854]: Generating locales (this might take a while)...
[   31.155700] cloud-init[1854]:   en_US.UTF-8... done
[   31.157352] cloud-init[1854]: Generation complete.
[   31.470719] cloud-init[1854]: Cloud-init v. 21.1-19-gbad84ad4-0ubuntu1~16.04.2 running 'modules:config' at Tue, 30 Nov 2021 12:04:16 +0000. Up 30.05 seconds.
ci-info: no authorized SSH keys fingerprints found for user ubuntu.
<14>Nov 30 12:04:18 ec2: 
<14>Nov 30 12:04:18 ec2: #############################################################
<14>Nov 30 12:04:18 ec2: -----BEGIN SSH HOST KEY FINGERPRINTS-----
<14>Nov 30 12:04:18 ec2: 1024 SHA256:rt8Vz3kiVEDo2w2Lo3vy1TV24PmbAGcrkYu32rq0iUI root@ubuntu-xenial (DSA)
<14>Nov 30 12:04:18 ec2: 256 SHA256:zTN7bsiHTpg7VQifm7+fXBZMuijtVhNsea9zeGZAT1I root@ubuntu-xenial (ECDSA)
<14>Nov 30 12:04:18 ec2: 256 SHA256:gqVjIPYHT0YmrqqaEvX79U0+vl/DUrpPewWVhr/gsfE root@ubuntu-xenial (ED25519)
<14>Nov 30 12:04:18 ec2: 2048 SHA256:X7YNZnkivLDP6shtlxp/wlO9b9AWFGVzm1ZNgnG/OXg root@ubuntu-xenial (RSA)
<14>Nov 30 12:04:18 ec2: -----END SSH HOST KEY FINGERPRINTS-----
<14>Nov 30 12:04:18 ec2: #############################################################
-----BEGIN SSH HOST KEY KEYS-----
ecdsa-sha2-nistp256 AAAAE2VjZHNhLXNoYTItbmlzdHAyNTYAAAAIbmlzdHAyNTYAAABBBPdkgB2B9n7dJJHoKvgPvVkmVuUCur8aGLNDggfT9dds8EsSxrr+i6z/BVVJQY6F9OXBt2Z6/B8wQ059AyMcPsk= root@ubuntu-xenial
ssh-ed25519 AAAAC3NzaC1lZDI1NTE5AAAAIBbKlSq3oOFh8jpZ+Lp3ZHT8l4YjHoqlN7hL3ZzYY4LA root@ubuntu-xenial
ssh-rsa AAAAB3NzaC1yc2EAAAADAQABAAABAQDDDrk/ZnnDPJPfDX8Sj/ry/ZpifTfQ9utWaahrSbK21hm270JgcJzGbOhKCmn4XXuf068ckjbdG4GTSa8GR2BetBemQ83jTzedZjCzyYF4yWLlzgXM8yBMbgZC4GS5pzAepJPp9o3Jx076LjpBafZHZ+D8aqVlbbb1C3EzKFS9GiKzIDR8D7T08pWb6U8WPZ07bxOd1afAREz9+1KBjPHiKXXEaJRVsq9XgSo1v89YPkvsO3BTaOCSPs7Rxhhg3nIVJk+DvdQjAj6jao7YJu2neNJ+gbzyIJEkie5JjtAIR5mJEh26xW0fcSiyARu7Kh2p7zScHmCSRyghhIzuYvYx root@ubuntu-xenial
-----END SSH HOST KEY KEYS-----
[   32.075519] cloud-init[1899]: Cloud-init v. 21.1-19-gbad84ad4-0ubuntu1~16.04.2 running 'modules:final' at Tue, 30 Nov 2021 12:04:18 +0000. Up 31.89 seconds.
[   32.075825] cloud-init[1899]: ci-info: no authorized SSH keys fingerprints found for user ubuntu.
[   32.076247] cloud-init[1899]: Cloud-init v. 21.1-19-gbad84ad4-0ubuntu1~16.04.2 finished at Tue, 30 Nov 2021 12:04:18 +0000. Datasource DataSourceNoCloud [seed=/dev/sdb][dsmode=net].  Up 32.06 seconds
